[20:20:16] [main/INFO]: Loading tweak class name cpw.mods.fml.common.launcher.FMLTweaker
[20:20:16] [main/INFO]: Using primary tweak class name cpw.mods.fml.common.launcher.FMLTweaker
[20:20:16] [main/INFO]: Calling tweak class cpw.mods.fml.common.launcher.FMLTweaker
[20:20:16] [main/INFO]: Forge Mod Loader version 7.2.211.1121 for Minecraft 1.7.2 loading
[20:20:16] [main/INFO]: Java is Java HotSpot(TM) 64-Bit Server VM, version 1.8.0_05, running on Windows 7:amd64:6.1, installed at C:\Program Files\Java\jre8
[20:20:16] [main/INFO]: Managed to load a deobfuscated Minecraft name- we are in a deobfuscated environment. Skipping runtime deobfuscation
[20:20:16] [main/INFO]: Loading tweak class name cpw.mods.fml.common.launcher.FMLInjectionAndSortingTweaker
[20:20:16] [main/INFO]: Loading tweak class name cpw.mods.fml.common.launcher.FMLDeobfTweaker
[20:20:16] [main/INFO]: Calling tweak class cpw.mods.fml.common.launcher.FMLInjectionAndSortingTweaker
[20:20:16] [main/INFO]: Calling tweak class cpw.mods.fml.common.launcher.FMLInjectionAndSortingTweaker
[20:20:16] [main/INFO]: Calling tweak class cpw.mods.fml.relauncher.CoreModManager$FMLPluginWrapper
[20:20:16] [main/ERROR]: The binary patch set is missing. Either you are in a development environment, or things are not going to work!
[20:20:17] [main/ERROR]: The minecraft jar file:/C:/Users/Caleb/.gradle/caches/minecraft/net/minecraftforge/forge/1.7.2-10.12.2.1121/forgeSrc-1.7.2-10.12.2.1121.jar!/net/minecraft/client/ClientBrandRetriever.class appears to be corrupt! There has been CRITICAL TAMPERING WITH MINECRAFT, it is highly unlikely minecraft will work! STOP NOW, get a clean copy and try again!
[20:20:17] [main/ERROR]: FML has been ordered to ignore the invalid or missing minecraft certificate. This is very likely to cause a problem!
[20:20:17] [main/ERROR]: Technical information: ClientBrandRetriever was at jar:file:/C:/Users/Caleb/.gradle/caches/minecraft/net/minecraftforge/forge/1.7.2-10.12.2.1121/forgeSrc-1.7.2-10.12.2.1121.jar!/net/minecraft/client/ClientBrandRetriever.class, there were 0 certificates for it
[20:20:17] [main/ERROR]: FML appears to be missing any signature data. This is not a good thing
[20:20:17] [main/INFO]: Calling tweak class cpw.mods.fml.relauncher.CoreModManager$FMLPluginWrapper
[20:20:17] [main/INFO]: Calling tweak class cpw.mods.fml.common.launcher.FMLDeobfTweaker
[20:20:17] [main/INFO]: Launching wrapped minecraft {net.minecraft.client.main.Main}
[20:20:23] [main/INFO]: Setting user: Player250
[20:20:23] [Client thread/INFO]: LWJGL Version: 2.9.0
[20:20:24] [Client thread/INFO]: Attempting early MinecraftForge initialization
[20:20:24] [Client thread/INFO]: MinecraftForge v10.12.2.1121 Initialized
[20:20:24] [Client thread/INFO]: Replaced 182 ore recipies
[20:20:24] [Client thread/INFO]: Completed early MinecraftForge initialization
[20:20:24] [Client thread/INFO]: Searching C:\Users\Caleb\MineCraft Mods\SoniCraft\Repo\Mod\eclipse\mods for mods
[20:20:24] [Client thread/INFO]: Mod zbraden_sonicraft is missing the required element 'name'. Substituting zbraden_sonicraft
[20:20:25] [Client thread/ERROR]: FML has detected a mod that is using a package name based on 'net.minecraft.src' : net.minecraft.src.FMLRenderAccessLibrary. This is generally a severe programming error.  There should be no mod code in the minecraft namespace. MOVE YOUR MOD! If you're in eclipse, select your source code and 'refactor' it into a new package. Go on. DO IT NOW!
[20:20:26] [Client thread/INFO]: Forge Mod Loader has identified 5 mods to load
[20:20:26] [Client thread/INFO]: Reloading ResourceManager: Default, FMLFileResourcePack:Forge Mod Loader, FMLFileResourcePack:Minecraft Forge, FMLFileResourcePack:Example Mod, FMLFileResourcePack:zbraden_sonicraft
[20:20:26] [Client thread/INFO]: Processing ObjectHolder annotations
[20:20:26] [Client thread/INFO]: Found 341 ObjectHolder annotations
[20:20:26] [Client thread/INFO]: Configured a dormant chunk cache size of 0
[20:20:26] [Client thread/INFO]: Applying holder lookups
[20:20:26] [Client thread/INFO]: Holder lookups applied
[20:20:26] [Client thread/INFO]: Created: 512x256 textures/blocks-atlas
[20:20:26] [Client thread/INFO]: Created: 256x256 textures/items-atlas
[20:20:26] [Client thread/INFO]: Forge Mod Loader has successfully loaded 5 mods
[20:20:26] [Client thread/INFO]: Reloading ResourceManager: Default, FMLFileResourcePack:Forge Mod Loader, FMLFileResourcePack:Minecraft Forge, FMLFileResourcePack:Example Mod, FMLFileResourcePack:zbraden_sonicraft
[20:20:26] [Sound Library Loader/INFO]: Sound engine started
[20:20:27] [Client thread/INFO]: Created: 512x256 textures/blocks-atlas
[20:20:27] [Client thread/INFO]: Created: 256x256 textures/items-atlas
[20:20:27] [Sound Library Loader/INFO]: Sound engine started
[20:20:28] [MCO Availability Checker #1/ERROR]: Couldn't connect to Realms
[20:20:29] [Client thread/INFO]: Stopping!
